<component name="libraryTable">
  <library name="JUnit Dependencies1">
    <CLASSES>
      <root url="file://$PROJECT_DIR$/../JUnit Dependencies" />
    </CLASSES>
    <JAVADOC />
    <SOURCES>
      <root url="file://$PROJECT_DIR$/../JUnit Dependencies" />
    </SOURCES>
    <jarDirectory url="file://$PROJECT_DIR$/../JUnit Dependencies" recursive="false" />
    <jarDirectory url="file://$PROJECT_DIR$/../JUnit Dependencies" recursive="false" type="SOURCES" />
  </library>
</component>